<?xml version="1.0" encoding="UTF-8"?>
<!-- Generated by org.testng.reporters.JUnitXMLReporter -->
<testsuite hostname="DESKTOP-P97I82V" ignored="0" name="FirefoxTest" tests="3" failures="0" timestamp="25 Dec 2019 10:17:25 GMT" time="60.967" errors="0">
  <testcase name="Login" time="16.003" classname="com.mercury.tours.CrossBrowser_Example"/>
  <testcase name="Login" time="15.514" classname="com.mercury.tours.CrossBrowser_Example"/>
  <testcase name="Login" time="15.424" classname="com.mercury.tours.CrossBrowser_Example"/>
</testsuite> <!-- FirefoxTest -->
