<?xml version="1.0" encoding="UTF-8"?>
<!-- Generated by org.testng.reporters.JUnitXMLReporter -->
<testsuite hostname="DESKTOP-P97I82V" ignored="0" name="Test" tests="4" failures="0" timestamp="25 Dec 2019 10:55:53 GMT" time="43.288" errors="0">
  <testcase name="TestSuite" time="0.006" classname="com.mercury.tours.BatchExecution_Smoke"/>
  <testcase name="f" time="15.873" classname="com.mercury.tours.DragandDrop"/>
  <testcase name="f" time="7.625" classname="com.mercury.tours.Mousehover_Example"/>
  <testcase name="SignOn" time="7.754" classname="com.mercury.tours.Mercury_RadioButton"/>
</testsuite> <!-- Test -->
