<?xml version="1.0" encoding="UTF-8"?>
<testng-results skipped="0" failed="0" ignored="0" total="2" passed="2">
  <reporter-output>
  </reporter-output>
  <suite name="Default suite" duration-ms="16110" started-at="2019-12-26T11:01:48Z" finished-at="2019-12-26T11:02:04Z">
    <groups>
    </groups>
    <test name="Default test" duration-ms="16110" started-at="2019-12-26T11:01:48Z" finished-at="2019-12-26T11:02:04Z">
      <class name="com.mercury.tours.Extent_Report">
        <test-method status="PASS" signature="StartReport()[pri:0, instance:com.mercury.tours.Extent_Report@14acaea5]" name="StartReport" is-config="true" duration-ms="270" started-at="2019-12-26T16:31:48Z" finished-at="2019-12-26T16:31:48Z">
          <reporter-output>
          </reporter-output>
        </test-method> <!-- StartReport -->
        <test-method status="PASS" signature="LaunchBrowser()[pri:1, instance:com.mercury.tours.Extent_Report@14acaea5]" name="LaunchBrowser" duration-ms="6391" started-at="2019-12-26T16:31:48Z" finished-at="2019-12-26T16:31:55Z">
          <reporter-output>
          </reporter-output>
        </test-method> <!-- LaunchBrowser -->
        <test-method status="PASS" signature="getResult(org.testng.ITestResult)[pri:0, instance:com.mercury.tours.Extent_Report@14acaea5]" name="getResult" is-config="true" duration-ms="11" started-at="2019-12-26T16:31:55Z" finished-at="2019-12-26T16:31:55Z">
          <params>
            <param index="0">
              <value>
                <![CDATA[[TestResult name=LaunchBrowser status=SUCCESS method=Extent_Report.LaunchBrowser()[pri:1, instance:com.mercury.tours.Extent_Report@14acaea5] output={null}]]]>
              </value>
            </param>
          </params>
          <reporter-output>
          </reporter-output>
        </test-method> <!-- getResult -->
        <test-method status="PASS" signature="Sign_On_Successful_Login()[pri:2, instance:com.mercury.tours.Extent_Report@14acaea5]" name="Sign_On_Successful_Login" duration-ms="7940" started-at="2019-12-26T16:31:55Z" finished-at="2019-12-26T16:32:02Z">
          <reporter-output>
          </reporter-output>
        </test-method> <!-- Sign_On_Successful_Login -->
        <test-method status="PASS" signature="getResult(org.testng.ITestResult)[pri:0, instance:com.mercury.tours.Extent_Report@14acaea5]" name="getResult" is-config="true" duration-ms="1" started-at="2019-12-26T16:32:02Z" finished-at="2019-12-26T16:32:02Z">
          <params>
            <param index="0">
              <value>
                <![CDATA[[TestResult name=Sign_On_Successful_Login status=SUCCESS method=Extent_Report.Sign_On_Successful_Login()[pri:2, instance:com.mercury.tours.Extent_Report@14acaea5] output={null}]]]>
              </value>
            </param>
          </params>
          <reporter-output>
          </reporter-output>
        </test-method> <!-- getResult -->
        <test-method status="PASS" signature="CloseBrowser()[pri:0, instance:com.mercury.tours.Extent_Report@14acaea5]" name="CloseBrowser" is-config="true" duration-ms="1472" started-at="2019-12-26T16:32:02Z" finished-at="2019-12-26T16:32:04Z">
          <reporter-output>
          </reporter-output>
        </test-method> <!-- CloseBrowser -->
      </class> <!-- com.mercury.tours.Extent_Report -->
    </test> <!-- Default test -->
  </suite> <!-- Default suite -->
</testng-results>
